# JRE version: OpenJDK Runtime Environment Temurin-21.0.10+7 (21.0.10+7) (build 21.0.10+7-LTS)
# Java VM: OpenJDK 64-Bit Server VM Temurin-21.0.10+7 (21.0.10+7-LTS, mixed mode, sharing, tiered, compressed oops, compressed class ptrs, parallel gc, windows-amd64)
GC Precious Log:
 CardTable entry size: 512
 CPUs: 16 total, 16 available
 Memory: 16085M
 Large Page Support: Disabled
 NUMA Support: Disabled
 Compressed Oops: Enabled (32-bit)
 Alignments: Space 512K, Generation 512K, Heap 2M
 Heap Min Capacity: 100M
 Heap Initial Capacity: 100M
 Heap Max Capacity: 2G
 Pre-touch: Disabled
 Parallel Workers: 13
Heap:
 PSYoungGen      total 5120K, used 3489K [0x00000000d5580000, 0x00000000d5c00000, 0x0000000100000000)
  eden space 4096K, 67% used [0x00000000d5580000,0x00000000d58305d8,0x00000000d5980000)
  from space 1024K, 71% used [0x00000000d5b00000,0x00000000d5bb8000,0x00000000d5c00000)
  to   space 1024K, 0% used [0x00000000d5980000,0x00000000d5980000,0x00000000d5a80000)
 ParOldGen       total 427520K, used 427389K [0x0000000080000000, 0x000000009a180000, 0x00000000d5580000)
  object space 427520K, 99% used [0x0000000080000000,0x000000009a15f660,0x000000009a180000)
 Metaspace       used 68422K, committed 69888K, reserved 1114112K
  class space    used 7426K, committed 8000K, reserved 1048576K
GC Heap History (20 events):
Event: 22.109 GC heap before
{Heap before GC invocations=608 (full 3):
 PSYoungGen      total 5120K, used 4946K [0x00000000d5580000, 0x00000000d5c80000, 0x0000000100000000)
  eden space 4096K, 100% used [0x00000000d5580000,0x00000000d5980000,0x00000000d5980000)
  from space 1024K, 83% used [0x00000000d5b80000,0x00000000d5c54b70,0x00000000d5c80000)
  to   space 1536K, 0% used [0x00000000d5980000,0x00000000d5980000,0x00000000d5b00000)
 ParOldGen       total 423424K, used 423109K [0x0000000080000000, 0x0000000099d80000, 0x00000000d5580000)
  object space 423424K, 99% used [0x0000000080000000,0x0000000099d31798,0x0000000099d80000)
 Metaspace       used 68213K, committed 69632K, reserved 1114112K
  class space    used 7403K, committed 8000K, reserved 1048576K
}
Event: 22.110 GC heap after
{Heap after GC invocations=608 (full 3):
 PSYoungGen      total 5632K, used 352K [0x00000000d5580000, 0x00000000d5c00000, 0x0000000100000000)
  eden space 4096K, 0% used [0x00000000d5580000,0x00000000d5580000,0x00000000d5980000)
  from space 1536K, 22% used [0x00000000d5980000,0x00000000d59d8000,0x00000000d5b00000)
  to   space 1024K, 0% used [0x00000000d5b00000,0x00000000d5b00000,0x00000000d5c00000)
 ParOldGen       total 423936K, used 423730K [0x0000000080000000, 0x0000000099e00000, 0x00000000d5580000)
  object space 423936K, 99% used [0x0000000080000000,0x0000000099dccb40,0x0000000099e00000)
 Metaspace       used 68213K, committed 69632K, reserved 1114112K
  class space    used 7403K, committed 8000K, reserved 1048576K
}
Event: 22.127 GC heap before
{Heap before GC invocations=609 (full 3):
 PSYoungGen      total 5632K, used 4448K [0x00000000d5580000, 0x00000000d5c00000, 0x0000000100000000)
  eden space 4096K, 100% used [0x00000000d5580000,0x00000000d5980000,0x00000000d5980000)
  from space 1536K, 22% used [0x00000000d5980000,0x00000000d59d8000,0x00000000d5b00000)
  to   space 1024K, 0% used [0x00000000d5b00000,0x00000000d5b00000,0x00000000d5c00000)
 ParOldGen       total 423936K, used 423730K [0x0000000080000000, 0x0000000099e00000, 0x00000000d5580000)
  object space 423936K, 99% used [0x0000000080000000,0x0000000099dccb40,0x0000000099e00000)
 Metaspace       used 68213K, committed 69632K, reserved 1114112K
  class space    used 7403K, committed 8000K, reserved 1048576K
}
Event: 22.128 GC heap after
{Heap after GC invocations=609 (full 3):
 PSYoungGen      total 5120K, used 1017K [0x00000000d5580000, 0x00000000d5c80000, 0x0000000100000000)
  eden space 4096K, 0% used [0x00000000d5580000,0x00000000d5580000,0x00000000d5980000)
  from space 1024K, 99% used [0x00000000d5b00000,0x00000000d5bfe7b8,0x00000000d5c00000)
  to   space 1536K, 0% used [0x00000000d5980000,0x00000000d5980000,0x00000000d5b00000)
 ParOldGen       total 423936K, used 423842K [0x0000000080000000, 0x0000000099e00000, 0x00000000d5580000)
  object space 423936K, 99% used [0x0000000080000000,0x0000000099de8b40,0x0000000099e00000)
 Metaspace       used 68213K, committed 69632K, reserved 1114112K
  class space    used 7403K, committed 8000K, reserved 1048576K
}
Event: 22.139 GC heap before
{Heap before GC invocations=610 (full 3):
 PSYoungGen      total 5120K, used 5113K [0x00000000d5580000, 0x00000000d5c80000, 0x0000000100000000)
  eden space 4096K, 100% used [0x00000000d5580000,0x00000000d5980000,0x00000000d5980000)
  from space 1024K, 99% used [0x00000000d5b00000,0x00000000d5bfe7b8,0x00000000d5c00000)
  to   space 1536K, 0% used [0x00000000d5980000,0x00000000d5980000,0x00000000d5b00000)
 ParOldGen       total 423936K, used 423842K [0x0000000080000000, 0x0000000099e00000, 0x00000000d5580000)
  object space 423936K, 99% used [0x0000000080000000,0x0000000099de8b40,0x0000000099e00000)
 Metaspace       used 68213K, committed 69632K, reserved 1114112K
  class space    used 7403K, committed 8000K, reserved 1048576K
}
Event: 22.140 GC heap after
{Heap after GC invocations=610 (full 3):
 PSYoungGen      total 4608K, used 256K [0x00000000d5580000, 0x00000000d5b80000, 0x0000000100000000)
  eden space 4096K, 0% used [0x00000000d5580000,0x00000000d5580000,0x00000000d5980000)
  from space 512K, 50% used [0x00000000d5980000,0x00000000d59c0000,0x00000000d5a00000)
  to   space 1024K, 0% used [0x00000000d5a80000,0x00000000d5a80000,0x00000000d5b80000)
 ParOldGen       total 424960K, used 424779K [0x0000000080000000, 0x0000000099f00000, 0x00000000d5580000)
  object space 424960K, 99% used [0x0000000080000000,0x0000000099ed2d28,0x0000000099f00000)
 Metaspace       used 68213K, committed 69632K, reserved 1114112K
  class space    used 7403K, committed 8000K, reserved 1048576K
}
Event: 22.150 GC heap before
{Heap before GC invocations=611 (full 3):
 PSYoungGen      total 4608K, used 4352K [0x00000000d5580000, 0x00000000d5b80000, 0x0000000100000000)
  eden space 4096K, 100% used [0x00000000d5580000,0x00000000d5980000,0x00000000d5980000)
  from space 512K, 50% used [0x00000000d5980000,0x00000000d59c0000,0x00000000d5a00000)
  to   space 1024K, 0% used [0x00000000d5a80000,0x00000000d5a80000,0x00000000d5b80000)
 ParOldGen       total 424960K, used 424779K [0x0000000080000000, 0x0000000099f00000, 0x00000000d5580000)
  object space 424960K, 99% used [0x0000000080000000,0x0000000099ed2d28,0x0000000099f00000)
 Metaspace       used 68213K, committed 69632K, reserved 1114112K
  class space    used 7403K, committed 8000K, reserved 1048576K
}
Event: 22.151 GC heap after
{Heap after GC invocations=611 (full 3):
 PSYoungGen      total 4608K, used 256K [0x00000000d5580000, 0x00000000d5b00000, 0x0000000100000000)
  eden space 4096K, 0% used [0x00000000d5580000,0x00000000d5580000,0x00000000d5980000)
  from space 512K, 50% used [0x00000000d5a80000,0x00000000d5ac0000,0x00000000d5b00000)
  to   space 512K, 0% used [0x00000000d5980000,0x00000000d5980000,0x00000000d5a00000)
 ParOldGen       total 424960K, used 424891K [0x0000000080000000, 0x0000000099f00000, 0x00000000d5580000)
  object space 424960K, 99% used [0x0000000080000000,0x0000000099eeed28,0x0000000099f00000)
 Metaspace       used 68213K, committed 69632K, reserved 1114112K
  class space    used 7403K, committed 8000K, reserved 1048576K
}
Event: 22.156 GC heap before
{Heap before GC invocations=612 (full 3):
 PSYoungGen      total 4608K, used 4352K [0x00000000d5580000, 0x00000000d5b00000, 0x0000000100000000)
  eden space 4096K, 100% used [0x00000000d5580000,0x00000000d5980000,0x00000000d5980000)
  from space 512K, 50% used [0x00000000d5a80000,0x00000000d5ac0000,0x00000000d5b00000)
  to   space 512K, 0% used [0x00000000d5980000,0x00000000d5980000,0x00000000d5a00000)
 ParOldGen       total 424960K, used 424891K [0x0000000080000000, 0x0000000099f00000, 0x00000000d5580000)
  object space 424960K, 99% used [0x0000000080000000,0x0000000099eeed28,0x0000000099f00000)
 Metaspace       used 68213K, committed 69632K, reserved 1114112K
  class space    used 7403K, committed 8000K, reserved 1048576K
}
Event: 22.157 GC heap after
{Heap after GC invocations=612 (full 3):
 PSYoungGen      total 4608K, used 288K [0x00000000d5580000, 0x00000000d5b00000, 0x0000000100000000)
  eden space 4096K, 0% used [0x00000000d5580000,0x00000000d5580000,0x00000000d5980000)
  from space 512K, 56% used [0x00000000d5980000,0x00000000d59c8000,0x00000000d5a00000)
  to   space 512K, 0% used [0x00000000d5a80000,0x00000000d5a80000,0x00000000d5b00000)
 ParOldGen       total 425472K, used 425019K [0x0000000080000000, 0x0000000099f80000, 0x00000000d5580000)
  object space 425472K, 99% used [0x0000000080000000,0x0000000099f0ed28,0x0000000099f80000)
 Metaspace       used 68213K, committed 69632K, reserved 1114112K
  class space    used 7403K, committed 8000K, reserved 1048576K
}
Event: 22.168 GC heap before
{Heap before GC invocations=613 (full 3):
 PSYoungGen      total 4608K, used 4384K [0x00000000d5580000, 0x00000000d5b00000, 0x0000000100000000)
  eden space 4096K, 100% used [0x00000000d5580000,0x00000000d5980000,0x00000000d5980000)
  from space 512K, 56% used [0x00000000d5980000,0x00000000d59c8000,0x00000000d5a00000)
  to   space 512K, 0% used [0x00000000d5a80000,0x00000000d5a80000,0x00000000d5b00000)
 ParOldGen       total 425472K, used 425019K [0x0000000080000000, 0x0000000099f80000, 0x00000000d5580000)
  object space 425472K, 99% used [0x0000000080000000,0x0000000099f0ed28,0x0000000099f80000)
 Metaspace       used 68214K, committed 69632K, reserved 1114112K
  class space    used 7403K, committed 8000K, reserved 1048576K
}
Event: 22.169 GC heap after
{Heap after GC invocations=613 (full 3):
 PSYoungGen      total 4608K, used 480K [0x00000000d5580000, 0x00000000d5b80000, 0x0000000100000000)
  eden space 4096K, 0% used [0x00000000d5580000,0x00000000d5580000,0x00000000d5980000)
  from space 512K, 93% used [0x00000000d5a80000,0x00000000d5af8020,0x00000000d5b00000)
  to   space 1024K, 0% used [0x00000000d5980000,0x00000000d5980000,0x00000000d5a80000)
 ParOldGen       total 425472K, used 425139K [0x0000000080000000, 0x0000000099f80000, 0x00000000d5580000)
  object space 425472K, 99% used [0x0000000080000000,0x0000000099f2cd28,0x0000000099f80000)
 Metaspace       used 68214K, committed 69632K, reserved 1114112K
  class space    used 7403K, committed 8000K, reserved 1048576K
}
Event: 22.178 GC heap before
{Heap before GC invocations=614 (full 3):
 PSYoungGen      total 4608K, used 4576K [0x00000000d5580000, 0x00000000d5b80000, 0x0000000100000000)
  eden space 4096K, 100% used [0x00000000d5580000,0x00000000d5980000,0x00000000d5980000)
  from space 512K, 93% used [0x00000000d5a80000,0x00000000d5af8020,0x00000000d5b00000)
  to   space 1024K, 0% used [0x00000000d5980000,0x00000000d5980000,0x00000000d5a80000)
 ParOldGen       total 425472K, used 425139K [0x0000000080000000, 0x0000000099f80000, 0x00000000d5580000)
  object space 425472K, 99% used [0x0000000080000000,0x0000000099f2cd28,0x0000000099f80000)
 Metaspace       used 68221K, committed 69696K, reserved 1114112K
  class space    used 7403K, committed 8000K, reserved 1048576K
}
Event: 22.179 GC heap after
{Heap after GC invocations=614 (full 3):
 PSYoungGen      total 5120K, used 511K [0x00000000d5580000, 0x00000000d5b80000, 0x0000000100000000)
  eden space 4096K, 0% used [0x00000000d5580000,0x00000000d5580000,0x00000000d5980000)
  from space 1024K, 49% used [0x00000000d5980000,0x00000000d59ffd40,0x00000000d5a80000)
  to   space 1024K, 0% used [0x00000000d5a80000,0x00000000d5a80000,0x00000000d5b80000)
 ParOldGen       total 425984K, used 425555K [0x0000000080000000, 0x000000009a000000, 0x00000000d5580000)
  object space 425984K, 99% used [0x0000000080000000,0x0000000099f94e20,0x000000009a000000)
 Metaspace       used 68221K, committed 69696K, reserved 1114112K
  class space    used 7403K, committed 8000K, reserved 1048576K
}
Event: 22.203 GC heap before
{Heap before GC invocations=615 (full 3):
 PSYoungGen      total 5120K, used 4607K [0x00000000d5580000, 0x00000000d5b80000, 0x0000000100000000)
  eden space 4096K, 100% used [0x00000000d5580000,0x00000000d5980000,0x00000000d5980000)
  from space 1024K, 49% used [0x00000000d5980000,0x00000000d59ffd40,0x00000000d5a80000)
  to   space 1024K, 0% used [0x00000000d5a80000,0x00000000d5a80000,0x00000000d5b80000)
 ParOldGen       total 425984K, used 425555K [0x0000000080000000, 0x000000009a000000, 0x00000000d5580000)
  object space 425984K, 99% used [0x0000000080000000,0x0000000099f94e20,0x000000009a000000)
 Metaspace       used 68317K, committed 69760K, reserved 1114112K
  class space    used 7416K, committed 8000K, reserved 1048576K
}
Event: 22.204 GC heap after
{Heap after GC invocations=615 (full 3):
 PSYoungGen      total 5120K, used 864K [0x00000000d5580000, 0x00000000d5b80000, 0x0000000100000000)
  eden space 4096K, 0% used [0x00000000d5580000,0x00000000d5580000,0x00000000d5980000)
  from space 1024K, 84% used [0x00000000d5a80000,0x00000000d5b58000,0x00000000d5b80000)
  to   space 1024K, 0% used [0x00000000d5980000,0x00000000d5980000,0x00000000d5a80000)
 ParOldGen       total 425984K, used 425833K [0x0000000080000000, 0x000000009a000000, 0x00000000d5580000)
  object space 425984K, 99% used [0x0000000080000000,0x0000000099fda548,0x000000009a000000)
 Metaspace       used 68317K, committed 69760K, reserved 1114112K
  class space    used 7416K, committed 8000K, reserved 1048576K
}
Event: 22.233 GC heap before
{Heap before GC invocations=616 (full 3):
 PSYoungGen      total 5120K, used 4960K [0x00000000d5580000, 0x00000000d5b80000, 0x0000000100000000)
  eden space 4096K, 100% used [0x00000000d5580000,0x00000000d5980000,0x00000000d5980000)
  from space 1024K, 84% used [0x00000000d5a80000,0x00000000d5b58000,0x00000000d5b80000)
  to   space 1024K, 0% used [0x00000000d5980000,0x00000000d5980000,0x00000000d5a80000)
 ParOldGen       total 425984K, used 425833K [0x0000000080000000, 0x000000009a000000, 0x00000000d5580000)
  object space 425984K, 99% used [0x0000000080000000,0x0000000099fda548,0x000000009a000000)
 Metaspace       used 68361K, committed 69824K, reserved 1114112K
  class space    used 7420K, committed 8000K, reserved 1048576K
}
Event: 22.234 GC heap after
{Heap after GC invocations=616 (full 3):
 PSYoungGen      total 5120K, used 1024K [0x00000000d5580000, 0x00000000d5c80000, 0x0000000100000000)
  eden space 4096K, 0% used [0x00000000d5580000,0x00000000d5580000,0x00000000d5980000)
  from space 1024K, 100% used [0x00000000d5980000,0x00000000d5a80000,0x00000000d5a80000)
  to   space 1536K, 0% used [0x00000000d5b00000,0x00000000d5b00000,0x00000000d5c80000)
 ParOldGen       total 426496K, used 426457K [0x0000000080000000, 0x000000009a080000, 0x00000000d5580000)
  object space 426496K, 99% used [0x0000000080000000,0x000000009a076548,0x000000009a080000)
 Metaspace       used 68361K, committed 69824K, reserved 1114112K
  class space    used 7420K, committed 8000K, reserved 1048576K
}
Event: 22.248 GC heap before
{Heap before GC invocations=617 (full 3):
 PSYoungGen      total 5120K, used 5120K [0x00000000d5580000, 0x00000000d5c80000, 0x0000000100000000)
  eden space 4096K, 100% used [0x00000000d5580000,0x00000000d5980000,0x00000000d5980000)
  from space 1024K, 100% used [0x00000000d5980000,0x00000000d5a80000,0x00000000d5a80000)
  to   space 1536K, 0% used [0x00000000d5b00000,0x00000000d5b00000,0x00000000d5c80000)
 ParOldGen       total 426496K, used 426457K [0x0000000080000000, 0x000000009a080000, 0x00000000d5580000)
  object space 426496K, 99% used [0x0000000080000000,0x000000009a076548,0x000000009a080000)
 Metaspace       used 68378K, committed 69824K, reserved 1114112K
  class space    used 7420K, committed 8000K, reserved 1048576K
}
Event: 22.249 GC heap after
{Heap after GC invocations=617 (full 3):
 PSYoungGen      total 5120K, used 736K [0x00000000d5580000, 0x00000000d5c00000, 0x0000000100000000)
  eden space 4096K, 0% used [0x00000000d5580000,0x00000000d5580000,0x00000000d5980000)
  from space 1024K, 71% used [0x00000000d5b00000,0x00000000d5bb8000,0x00000000d5c00000)
  to   space 1024K, 0% used [0x00000000d5980000,0x00000000d5980000,0x00000000d5a80000)
 ParOldGen       total 427520K, used 427389K [0x0000000080000000, 0x000000009a180000, 0x00000000d5580000)
  object space 427520K, 99% used [0x0000000080000000,0x000000009a15f660,0x000000009a180000)
 Metaspace       used 68378K, committed 69824K, reserved 1114112K
  class space    used 7420K, committed 8000K, reserved 1048576K
}

